<?xml version="1.0" encoding="UTF-8"?>
<coverage generated="1592713095569" clover="3.2.0">
  <project timestamp="1592713095570" name="All files">
    <metrics statements="67" coveredstatements="65" conditionals="2" coveredconditionals="1" methods="9" coveredmethods="8" elements="78" coveredelements="74" complexity="0" loc="67" ncloc="67" packages="2" files="4" classes="4"/>
    <package name="database">
      <metrics statements="51" coveredstatements="50" conditionals="0" coveredconditionals="0" methods="6" coveredmethods="5"/>
      <file name="Listing.js" path="/home/wil/Desktop/hackreactor/FEC/FEC-Reservation-Component/database/Listing.js">
        <metrics statements="6" coveredstatements="6" conditionals="0" coveredconditionals="0" methods="0" coveredmethods="0"/>
        <line num="2" count="2" type="stmt"/>
        <line num="3" count="2" type="stmt"/>
        <line num="4" count="2" type="stmt"/>
        <line num="6" count="2" type="stmt"/>
        <line num="30" count="2" type="stmt"/>
        <line num="32" count="2" type="stmt"/>
      </file>
      <file name="index.js" path="/home/wil/Desktop/hackreactor/FEC/FEC-Reservation-Component/database/index.js">
        <metrics statements="4" coveredstatements="4" conditionals="0" coveredconditionals="0" methods="0" coveredmethods="0"/>
        <line num="1" count="2" type="stmt"/>
        <line num="3" count="2" type="stmt"/>
        <line num="5" count="2" type="stmt"/>
        <line num="7" count="2" type="stmt"/>
      </file>
      <file name="seed.js" path="/home/wil/Desktop/hackreactor/FEC/FEC-Reservation-Component/database/seed.js">
        <metrics statements="41" coveredstatements="40" conditionals="0" coveredconditionals="0" methods="6" coveredmethods="5"/>
        <line num="1" count="1" type="stmt"/>
        <line num="3" count="1" type="stmt"/>
        <line num="4" count="1" type="stmt"/>
        <line num="9" count="812" type="stmt"/>
        <line num="12" count="1" type="stmt"/>
        <line num="13" count="116" type="stmt"/>
        <line num="14" count="116" type="stmt"/>
        <line num="15" count="128" type="stmt"/>
        <line num="17" count="116" type="stmt"/>
        <line num="22" count="116" type="stmt"/>
        <line num="23" count="116" type="stmt"/>
        <line num="24" count="116" type="stmt"/>
        <line num="25" count="116" type="stmt"/>
        <line num="27" count="116" type="stmt"/>
        <line num="28" count="116" type="stmt"/>
        <line num="29" count="116" type="stmt"/>
        <line num="30" count="116" type="stmt"/>
        <line num="31" count="10788" type="stmt"/>
        <line num="32" count="10788" type="stmt"/>
        <line num="34" count="116" type="stmt"/>
        <line num="35" count="116" type="stmt"/>
        <line num="37" count="116" type="stmt"/>
        <line num="38" count="116" type="stmt"/>
        <line num="44" count="1" type="stmt"/>
        <line num="45" count="116" type="stmt"/>
        <line num="47" count="116" type="stmt"/>
        <line num="48" count="116" type="stmt"/>
        <line num="49" count="116" type="stmt"/>
        <line num="50" count="116" type="stmt"/>
        <line num="51" count="116" type="stmt"/>
        <line num="52" count="116" type="stmt"/>
        <line num="55" count="116" type="stmt"/>
        <line num="56" count="116" type="stmt"/>
        <line num="57" count="116" type="stmt"/>
        <line num="59" count="116" type="stmt"/>
        <line num="63" count="1" type="stmt"/>
        <line num="64" count="100" type="stmt"/>
        <line num="65" count="0" type="stmt"/>
        <line num="69" count="1" type="stmt"/>
        <line num="70" count="100" type="stmt"/>
        <line num="73" count="1" type="stmt"/>
      </file>
    </package>
    <package name="server">
      <metrics statements="16" coveredstatements="15" conditionals="2" coveredconditionals="1" methods="3" coveredmethods="3"/>
      <file name="index.js" path="/home/wil/Desktop/hackreactor/FEC/FEC-Reservation-Component/server/index.js">
        <metrics statements="16" coveredstatements="15" conditionals="2" coveredconditionals="1" methods="3" coveredmethods="3"/>
        <line num="1" count="1" type="stmt"/>
        <line num="2" count="1" type="stmt"/>
        <line num="4" count="1" type="stmt"/>
        <line num="6" count="1" type="stmt"/>
        <line num="7" count="1" type="stmt"/>
        <line num="9" count="1" type="stmt"/>
        <line num="10" count="1" type="stmt"/>
        <line num="14" count="1" type="stmt"/>
        <line num="15" count="6" type="stmt"/>
        <line num="17" count="6" type="stmt"/>
        <line num="19" count="6" type="cond" truecount="1" falsecount="1"/>
        <line num="21" count="0" type="stmt"/>
        <line num="23" count="6" type="stmt"/>
        <line num="28" count="1" type="stmt"/>
        <line num="29" count="1" type="stmt"/>
        <line num="32" count="1" type="stmt"/>
      </file>
    </package>
  </project>
</coverage>
