{"/home/wil/Desktop/hackreactor/FEC/FEC-Reservation-Component/database/Listing.js": {"path":"/home/wil/Desktop/hackreactor/FEC/FEC-Reservation-Component/database/Listing.js","statementMap":{"0":{"start":{"line":2,"column":17},"end":{"line":2,"column":36}},"1":{"start":{"line":3,"column":11},"end":{"line":3,"column":32}},"2":{"start":{"line":4,"column":0},"end":{"line":4,"column":34}},"3":{"start":{"line":6,"column":22},"end":{"line":28,"column":2}},"4":{"start":{"line":30,"column":16},"end":{"line":30,"column":56}},"5":{"start":{"line":32,"column":0},"end":{"line":32,"column":25}}},"fnMap":{},"branchMap":{},"s":{"0":2,"1":2,"2":2,"3":2,"4":2,"5":2},"f":{},"b":{},"_coverageSchema":"1a1c01bbd47fc00a2c39e90264f33305004495a9","hash":"756e042f7af677877eb2c91ae0d83a81f8693eb0"}
,"/home/wil/Desktop/hackreactor/FEC/FEC-Reservation-Component/database/index.js": {"path":"/home/wil/Desktop/hackreactor/FEC/FEC-Reservation-Component/database/index.js","statementMap":{"0":{"start":{"line":1,"column":17},"end":{"line":1,"column":36}},"1":{"start":{"line":3,"column":17},"end":{"line":3,"column":46}},"2":{"start":{"line":5,"column":11},"end":{"line":5,"column":91}},"3":{"start":{"line":7,"column":0},"end":{"line":7,"column":20}}},"fnMap":{},"branchMap":{},"s":{"0":2,"1":2,"2":2,"3":2},"f":{},"b":{},"_coverageSchema":"1a1c01bbd47fc00a2c39e90264f33305004495a9","hash":"e78751462c7253f714506fa6214a9f1dba328b24"}
,"/home/wil/Desktop/hackreactor/FEC/FEC-Reservation-Component/database/seed.js": {"path":"/home/wil/Desktop/hackreactor/FEC/FEC-Reservation-Component/database/seed.js","statementMap":{"0":{"start":{"line":1,"column":15},"end":{"line":1,"column":32}},"1":{"start":{"line":3,"column":11},"end":{"line":3,"column":32}},"2":{"start":{"line":4,"column":16},"end":{"line":4,"column":39}},"3":{"start":{"line":9,"column":26},"end":{"line":9,"column":87}},"4":{"start":{"line":9,"column":40},"end":{"line":9,"column":87}},"5":{"start":{"line":12,"column":18},"end":{"line":18,"column":1}},"6":{"start":{"line":13,"column":21},"end":{"line":13,"column":38}},"7":{"start":{"line":14,"column":2},"end":{"line":16,"column":3}},"8":{"start":{"line":15,"column":4},"end":{"line":15,"column":38}},"9":{"start":{"line":17,"column":2},"end":{"line":17,"column":22}},"10":{"start":{"line":22,"column":14},"end":{"line":22,"column":24}},"11":{"start":{"line":23,"column":27},"end":{"line":23,"column":37}},"12":{"start":{"line":24,"column":20},"end":{"line":24,"column":36}},"13":{"start":{"line":25,"column":2},"end":{"line":25,"column":45}},"14":{"start":{"line":27,"column":19},"end":{"line":27,"column":21}},"15":{"start":{"line":28,"column":2},"end":{"line":28,"column":24}},"16":{"start":{"line":29,"column":2},"end":{"line":29,"column":50}},"17":{"start":{"line":30,"column":2},"end":{"line":33,"column":3}},"18":{"start":{"line":31,"column":4},"end":{"line":31,"column":54}},"19":{"start":{"line":32,"column":4},"end":{"line":32,"column":41}},"20":{"start":{"line":34,"column":21},"end":{"line":34,"column":45}},"21":{"start":{"line":35,"column":20},"end":{"line":35,"column":45}},"22":{"start":{"line":37,"column":25},"end":{"line":37,"column":62}},"23":{"start":{"line":38,"column":2},"end":{"line":38,"column":24}},"24":{"start":{"line":44,"column":25},"end":{"line":60,"column":1}},"25":{"start":{"line":45,"column":19},"end":{"line":45,"column":21}},"26":{"start":{"line":47,"column":2},"end":{"line":47,"column":43}},"27":{"start":{"line":48,"column":2},"end":{"line":48,"column":23}},"28":{"start":{"line":49,"column":2},"end":{"line":49,"column":51}},"29":{"start":{"line":50,"column":2},"end":{"line":50,"column":53}},"30":{"start":{"line":51,"column":2},"end":{"line":51,"column":52}},"31":{"start":{"line":52,"column":2},"end":{"line":54,"column":50}},"32":{"start":{"line":55,"column":2},"end":{"line":55,"column":49}},"33":{"start":{"line":56,"column":2},"end":{"line":56,"column":46}},"34":{"start":{"line":57,"column":2},"end":{"line":57,"column":44}},"35":{"start":{"line":59,"column":2},"end":{"line":59,"column":18}},"36":{"start":{"line":63,"column":23},"end":{"line":66,"column":1}},"37":{"start":{"line":64,"column":2},"end":{"line":65,"column":73}},"38":{"start":{"line":65,"column":20},"end":{"line":65,"column":71}},"39":{"start":{"line":69,"column":0},"end":{"line":71,"column":1}},"40":{"start":{"line":69,"column":13},"end":{"line":69,"column":14}},"41":{"start":{"line":70,"column":2},"end":{"line":70,"column":38}},"42":{"start":{"line":73,"column":0},"end":{"line":73,"column":34}}},"fnMap":{"0":{"name":"(anonymous_0)","decl":{"start":{"line":9,"column":26},"end":{"line":9,"column":27}},"loc":{"start":{"line":9,"column":40},"end":{"line":9,"column":87}},"line":9},"1":{"name":"(anonymous_1)","decl":{"start":{"line":12,"column":18},"end":{"line":12,"column":19}},"loc":{"start":{"line":12,"column":30},"end":{"line":18,"column":1}},"line":12},"2":{"name":"generateRandomDatesArr","decl":{"start":{"line":21,"column":9},"end":{"line":21,"column":31}},"loc":{"start":{"line":21,"column":34},"end":{"line":39,"column":1}},"line":21},"3":{"name":"(anonymous_3)","decl":{"start":{"line":44,"column":25},"end":{"line":44,"column":26}},"loc":{"start":{"line":44,"column":38},"end":{"line":60,"column":1}},"line":44},"4":{"name":"(anonymous_4)","decl":{"start":{"line":63,"column":23},"end":{"line":63,"column":24}},"loc":{"start":{"line":63,"column":37},"end":{"line":66,"column":1}},"line":63},"5":{"name":"(anonymous_5)","decl":{"start":{"line":65,"column":11},"end":{"line":65,"column":12}},"loc":{"start":{"line":65,"column":20},"end":{"line":65,"column":71}},"line":65}},"branchMap":{},"s":{"0":1,"1":1,"2":1,"3":1,"4":812,"5":1,"6":116,"7":116,"8":128,"9":116,"10":116,"11":116,"12":116,"13":116,"14":116,"15":116,"16":116,"17":116,"18":10788,"19":10788,"20":116,"21":116,"22":116,"23":116,"24":1,"25":116,"26":116,"27":116,"28":116,"29":116,"30":116,"31":116,"32":116,"33":116,"34":116,"35":116,"36":1,"37":100,"38":0,"39":1,"40":1,"41":100,"42":1},"f":{"0":812,"1":116,"2":116,"3":116,"4":100,"5":0},"b":{},"_coverageSchema":"1a1c01bbd47fc00a2c39e90264f33305004495a9","hash":"ea67e3c435cec773df072b960d2c9359f237e496"}
,"/home/wil/Desktop/hackreactor/FEC/FEC-Reservation-Component/server/index.js": {"path":"/home/wil/Desktop/hackreactor/FEC/FEC-Reservation-Component/server/index.js","statementMap":{"0":{"start":{"line":1,"column":16},"end":{"line":1,"column":34}},"1":{"start":{"line":2,"column":19},"end":{"line":2,"column":41}},"2":{"start":{"line":4,"column":17},"end":{"line":4,"column":50}},"3":{"start":{"line":6,"column":12},"end":{"line":6,"column":21}},"4":{"start":{"line":7,"column":13},"end":{"line":7,"column":17}},"5":{"start":{"line":9,"column":0},"end":{"line":9,"column":27}},"6":{"start":{"line":10,"column":0},"end":{"line":10,"column":51}},"7":{"start":{"line":14,"column":0},"end":{"line":26,"column":3}},"8":{"start":{"line":15,"column":19},"end":{"line":15,"column":32}},"9":{"start":{"line":17,"column":2},"end":{"line":25,"column":7}},"10":{"start":{"line":19,"column":6},"end":{"line":24,"column":7}},"11":{"start":{"line":21,"column":8},"end":{"line":21,"column":33}},"12":{"start":{"line":23,"column":8},"end":{"line":23,"column":26}},"13":{"start":{"line":28,"column":0},"end":{"line":30,"column":3}},"14":{"start":{"line":29,"column":2},"end":{"line":29,"column":43}},"15":{"start":{"line":32,"column":0},"end":{"line":32,"column":21}}},"fnMap":{"0":{"name":"(anonymous_0)","decl":{"start":{"line":14,"column":21},"end":{"line":14,"column":22}},"loc":{"start":{"line":14,"column":35},"end":{"line":26,"column":1}},"line":14},"1":{"name":"(anonymous_1)","decl":{"start":{"line":18,"column":10},"end":{"line":18,"column":11}},"loc":{"start":{"line":18,"column":28},"end":{"line":25,"column":5}},"line":18},"2":{"name":"(anonymous_2)","decl":{"start":{"line":28,"column":17},"end":{"line":28,"column":18}},"loc":{"start":{"line":28,"column":23},"end":{"line":30,"column":1}},"line":28}},"branchMap":{"0":{"loc":{"start":{"line":19,"column":6},"end":{"line":24,"column":7}},"type":"if","locations":[{"start":{"line":19,"column":6},"end":{"line":24,"column":7}},{"start":{"line":19,"column":6},"end":{"line":24,"column":7}}],"line":19}},"s":{"0":1,"1":1,"2":1,"3":1,"4":1,"5":1,"6":1,"7":1,"8":6,"9":6,"10":6,"11":0,"12":6,"13":1,"14":1,"15":1},"f":{"0":6,"1":6,"2":1},"b":{"0":[0,6]},"_coverageSchema":"1a1c01bbd47fc00a2c39e90264f33305004495a9","hash":"3e9f0c5ee7af36684ddb3f498662622062fc90b9"}
}
