TN:
SF:database/Listing.js
FNF:0
FNH:0
DA:2,2
DA:3,2
DA:5,2
DA:7,2
DA:31,2
DA:33,2
LF:6
LH:6
BRF:0
BRH:0
end_of_record
TN:
SF:database/index.js
FNF:0
FNH:0
DA:1,2
DA:3,2
DA:5,2
DA:7,2
LF:4
LH:4
BRF:0
BRH:0
end_of_record
TN:
SF:database/seed.js
FN:9,(anonymous_0)
FN:12,(anonymous_1)
FN:21,generateRandomDatesArr
FN:44,(anonymous_3)
FN:64,(anonymous_4)
FN:66,(anonymous_5)
FNF:6
FNH:5
FNDA:812,(anonymous_0)
FNDA:116,(anonymous_1)
FNDA:116,generateRandomDatesArr
FNDA:116,(anonymous_3)
FNDA:100,(anonymous_4)
FNDA:0,(anonymous_5)
DA:1,1
DA:3,1
DA:4,1
DA:9,812
DA:12,1
DA:13,116
DA:14,116
DA:15,128
DA:17,116
DA:22,116
DA:23,116
DA:24,116
DA:25,116
DA:27,116
DA:28,116
DA:29,116
DA:30,116
DA:31,10788
DA:32,10788
DA:34,116
DA:35,116
DA:37,116
DA:38,116
DA:44,1
DA:45,116
DA:47,116
DA:48,116
DA:49,116
DA:50,116
DA:51,116
DA:52,116
DA:55,116
DA:56,116
DA:58,116
DA:60,116
DA:64,1
DA:65,100
DA:66,0
DA:70,1
DA:71,100
DA:74,1
LF:41
LH:40
BRF:0
BRH:0
end_of_record
TN:
SF:server/app.js
FN:13,(anonymous_0)
FN:17,(anonymous_1)
FN:24,(anonymous_2)
FNF:3
FNH:2
FNDA:11,(anonymous_0)
FNDA:11,(anonymous_1)
FNDA:0,(anonymous_2)
DA:1,1
DA:2,1
DA:4,1
DA:6,1
DA:8,1
DA:9,1
DA:13,1
DA:14,11
DA:15,11
DA:18,11
DA:19,2
DA:21,9
DA:25,0
DA:29,1
LF:14
LH:13
BRDA:18,0,0,2
BRDA:18,0,1,9
BRF:2
BRH:2
end_of_record
