TN:
SF:database/Listing.js
FNF:0
FNH:0
DA:2,2
DA:3,2
DA:4,2
DA:6,2
DA:30,2
DA:32,2
LF:6
LH:6
BRF:0
BRH:0
end_of_record
TN:
SF:database/index.js
FNF:0
FNH:0
DA:1,2
DA:3,2
DA:5,2
DA:7,2
LF:4
LH:4
BRF:0
BRH:0
end_of_record
TN:
SF:database/seed.js
FN:9,(anonymous_0)
FN:12,(anonymous_1)
FN:21,generateRandomDatesArr
FN:44,(anonymous_3)
FN:63,(anonymous_4)
FN:65,(anonymous_5)
FNF:6
FNH:5
FNDA:812,(anonymous_0)
FNDA:116,(anonymous_1)
FNDA:116,generateRandomDatesArr
FNDA:116,(anonymous_3)
FNDA:100,(anonymous_4)
FNDA:0,(anonymous_5)
DA:1,1
DA:3,1
DA:4,1
DA:9,812
DA:12,1
DA:13,116
DA:14,116
DA:15,128
DA:17,116
DA:22,116
DA:23,116
DA:24,116
DA:25,116
DA:27,116
DA:28,116
DA:29,116
DA:30,116
DA:31,10788
DA:32,10788
DA:34,116
DA:35,116
DA:37,116
DA:38,116
DA:44,1
DA:45,116
DA:47,116
DA:48,116
DA:49,116
DA:50,116
DA:51,116
DA:52,116
DA:55,116
DA:56,116
DA:57,116
DA:59,116
DA:63,1
DA:64,100
DA:65,0
DA:69,1
DA:70,100
DA:73,1
LF:41
LH:40
BRF:0
BRH:0
end_of_record
TN:
SF:server/index.js
FN:14,(anonymous_0)
FN:18,(anonymous_1)
FN:28,(anonymous_2)
FNF:3
FNH:3
FNDA:6,(anonymous_0)
FNDA:6,(anonymous_1)
FNDA:1,(anonymous_2)
DA:1,1
DA:2,1
DA:4,1
DA:6,1
DA:7,1
DA:9,1
DA:10,1
DA:14,1
DA:15,6
DA:17,6
DA:19,6
DA:21,0
DA:23,6
DA:28,1
DA:29,1
DA:32,1
LF:16
LH:15
BRDA:19,0,0,0
BRDA:19,0,1,6
BRF:2
BRH:1
end_of_record
